#
# There is insufficient memory for the Java Runtime Environment to continue.
# Native memory allocation (malloc) failed to allocate 140 bytes for CHeapObj-new
# Possible reasons:
#   The system is out of physical RAM or swap space
#   In 32 bit mode, the process size limit was hit
# Possible solutions:
#   Reduce memory load on the system
#   Increase physical memory or swap space
#   Check if swap backing store is full
#   Use 64 bit Java on a 64 bit OS
#   Decrease Java heap size (-Xmx/-Xms)
#   Decrease number of Java threads
#   Decrease Java thread stack sizes (-Xss)
#   Set larger code cache with -XX:ReservedCodeCacheSize=
# This output file may be truncated or incomplete.
#
#  Out of Memory Error (memory/allocation.inline.hpp:44), pid=5824, tid=6244
#
# JRE version: 6.0_27-b07
# Java VM: Java HotSpot(TM) Client VM (20.2-b06 mixed mode, sharing windows-x86 )

---------------  T H R E A D  ---------------

Current thread (0x04eae400):  JavaThread "3916375@qtp-21350489-1 - Acceptor0 SelectChannelConnector@127.0.0.1:8888" [_thread_in_vm, id=6244, stack(0x058b0000,0x05900000)]

Stack: [0x058b0000,0x05900000],  sp=0x058ff5e8,  free space=317k
Native frames: (J=compiled Java code, j=interpreted, Vv=VM code, C=native code)

[error occurred during error reporting (printing native stack), id 0xc0000005]

Java frames: (J=compiled Java code, j=interpreted, Vv=VM code)
v  ~RuntimeStub::forward_exception Runtime1 stub
J  org.mortbay.jetty.nio.SelectChannelConnector$1.newEndPoint(Ljava/nio/channels/SocketChannel;Lorg/mortbay/io/nio/SelectorManager$SelectSet;Ljava/nio/channels/SelectionKey;)Lorg/mortbay/io/nio/SelectChannelEndPoint;
j  org.mortbay.io.nio.SelectorManager$SelectSet.doSelect()V+1941
J  org.mortbay.jetty.nio.SelectChannelConnector.accept(I)V
J  org.mortbay.jetty.AbstractConnector$Acceptor.run()V
j  org.mortbay.thread.QueuedThreadPool$PoolThread.run()V+25
v  ~StubRoutines::call_stub

---------------  P R O C E S S  ---------------

Java Threads: ( => current thread )
  0x05901400 JavaThread "Timer-1" daemon [_thread_blocked, id=4932, stack(0x061d0000,0x06220000)]
=>0x04eae400 JavaThread "3916375@qtp-21350489-1 - Acceptor0 SelectChannelConnector@127.0.0.1:8888" [_thread_in_vm, id=6244, stack(0x058b0000,0x05900000)]
  0x04b99800 JavaThread "8461448@qtp-21350489-0" [_thread_blocked, id=7132, stack(0x05820000,0x05870000)]
  0x04d03800 JavaThread "Low Memory Detector" daemon [_thread_blocked, id=5536, stack(0x051b0000,0x05200000)]
  0x04cdec00 JavaThread "C1 CompilerThread0" daemon [_thread_blocked, id=5188, stack(0x05120000,0x05170000)]
  0x0243cc00 JavaThread "Attach Listener" daemon [_thread_blocked, id=6696, stack(0x04a90000,0x04ae0000)]
  0x0243c000 JavaThread "Signal Dispatcher" daemon [_thread_blocked, id=6928, stack(0x04a00000,0x04a50000)]
  0x02430000 JavaThread "Finalizer" daemon [_thread_blocked, id=5848, stack(0x04970000,0x049c0000)]
  0x0242ec00 JavaThread "Reference Handler" daemon [_thread_blocked, id=1516, stack(0x048e0000,0x04930000)]
  0x023ae400 JavaThread "main" [_thread_blocked, id=7092, stack(0x00430000,0x00480000)]

Other Threads:
  0x023f2c00 VMThread [stack: 0x04850000,0x048a0000] [id=5856]
  0x04d0e400 WatcherThread [stack: 0x05240000,0x05290000] [id=5704]

VM state:not at safepoint (normal execution)

VM Mutex/Monitor currently owned by a thread:  ([mutex/lock_event])
[0x023a9db0] ExceptionCache_lock - owner thread: 0x04eae400

Heap
 def new generation   total 39104K, used 8736K [0x14270000, 0x16cd0000, 0x1ed10000)
  eden space 34816K,  23% used [0x14270000, 0x14a4aa08, 0x16470000)
  from space 4288K,  16% used [0x16470000, 0x1651d640, 0x168a0000)
  to   space 4288K,   0% used [0x168a0000, 0x168a0000, 0x16cd0000)
 tenured generation   total 86700K, used 53596K [0x1ed10000, 0x241bb000, 0x34270000)
   the space 86700K,  61% used [0x1ed10000, 0x22167190, 0x22167200, 0x241bb000)
 compacting perm gen  total 12288K, used 12098K [0x34270000, 0x34e70000, 0x38270000)
   the space 12288K,  98% used [0x34270000, 0x34e40a38, 0x34e40c00, 0x34e70000)
    ro space 10240K,  54% used [0x38270000, 0x387ef548, 0x387ef600, 0x38c70000)
    rw space 12288K,  55% used [0x38c70000, 0x39315140, 0x39315200, 0x39870000)

Code Cache  [0x025b0000, 0x02898000, 0x045b0000)
 total_blobs=1389 nmethods=1234 adapters=90 free_code_cache=30538368 largest_free_block=192

Dynamic libraries:

[error occurred during error reporting (printing dynamic libraries), id 0xc0000005]

VM Arguments:
jvm_args: -Drdbms.password=pato123 -Drdbms.user=guilhermehbueno -Drdbms.database=teste -Drdbms.hosted.instance=naovotenelesql:naovotenelesql -Drdbms.server=hosted -javaagent:H:\GUILHERME\PROJETOS\JAVA\eclipse-jee-indigo-win32-x86_64\eclipse\plugins\com.google.appengine.eclipse.sdkbundle_1.6.1.v201112160242r37\appengine-java-sdk-1.6.1\lib\agent\appengine-agent.jar -Xmx512m -Drdbms.extra.properties=oauth2RefreshToken=1/Dhk-4AEdT-9kG7Kf10dJHf9mNC1zOZvMFe4qjh3BFtk,oauth2ClientId=130316539331.apps.googleusercontent.com,oauth2ClientSecret=BKJLTAwVCWI02VlNgncEzJXx -Dfile.encoding=Cp1252 
java_command: com.google.appengine.tools.development.DevAppServerMain --port=8888 H:\GUILHERME\PROJETOS\MY_GIT\comofuncionati\war
Launcher Type: SUN_STANDARD

Environment Variables:
JAVA_HOME=C:\Program Files (x86)\Java\jdk1.6.0_23
PATH=C:\Program Files\Common Files\Microsoft Shared\Windows Live;C:\Program Files (x86)\Common Files\Microsoft Shared\Windows Live;C:\Program Files\Documentum\Shared;c:\ruby\bin;C:\oracle\product\10.2.0\client_1;C:\Windows\system32;C:\Windows;C:\Windows\System32\Wbem;C:\Windows\System32\WindowsPowerShell\v1.0\;C:\Program Files\WIDCOMM\Bluetooth Software\;C:\Program Files\WIDCOMM\Bluetooth Software\syswow64;C:\Program Files\TortoiseSVN\bin;C:\projetos\ROTABR\apache-maven-3.0.4-bin\apache-maven-3.0.4\bin;C:\grails\grails-1.3.6\bin;C:\Program Files\SlikSvn\bin\;C:\Program Files (x86)\Windows Live\Shared;C:\Program Files\TortoiseGit\bin
USERNAME=Guilherme
OS=Windows_NT
PROCESSOR_IDENTIFIER=Intel64 Family 6 Model 37 Stepping 2, GenuineIntel



---------------  S Y S T E M  ---------------

OS: Windows 7 , 64 bit Build 7600 

CPU:total 4 (2 cores per cpu, 2 threads per core) family 6 model 37 stepping 2, cmov, cx8, fxsr, mmx, sse, sse2, sse3, ssse3, sse4.1, sse4.2, popcnt, ht

Memory: 4k page, physical 3988316k(266292k free), swap 7974728k(2685408k free)

vm_info: Java HotSpot(TM) Client VM (20.2-b06) for windows-x86 JRE (1.6.0_27-b07), built on Jul 19 2011 01:04:42 by "java_re" with MS VC++ 7.1 (VS2003)

time: Tue May 22 21:11:57 2012
elapsed time: 78651 seconds

